D:\Microsoft Visual Studio 14.0\AlexProjects\SCAD_Constructor\Release\cl.command.1.tlog
D:\Microsoft Visual Studio 14.0\AlexProjects\SCAD_Constructor\Release\CL.read.1.tlog
D:\Microsoft Visual Studio 14.0\AlexProjects\SCAD_Constructor\Release\CL.write.1.tlog
D:\MICROSOFT VISUAL STUDIO 14.0\ALEXPROJECTS\SCAD_CONSTRUCTOR\RELEASE\DOCUMENT_10_VERSION_1_READER.OBJ
D:\MICROSOFT VISUAL STUDIO 14.0\ALEXPROJECTS\SCAD_CONSTRUCTOR\RELEASE\DOCUMENTREADER.OBJ
D:\MICROSOFT VISUAL STUDIO 14.0\ALEXPROJECTS\SCAD_CONSTRUCTOR\RELEASE\DOCUMENTREADERFACTORY.OBJ
D:\MICROSOFT VISUAL STUDIO 14.0\ALEXPROJECTS\SCAD_CONSTRUCTOR\RELEASE\FILE_VERSION_1_READER.OBJ
D:\MICROSOFT VISUAL STUDIO 14.0\ALEXPROJECTS\SCAD_CONSTRUCTOR\RELEASE\FILEFORMATCHECKER.OBJ
D:\Microsoft Visual Studio 14.0\AlexProjects\SCAD_Constructor\Release\link.command.1.tlog
D:\Microsoft Visual Studio 14.0\AlexProjects\SCAD_Constructor\Release\link.read.1.tlog
D:\Microsoft Visual Studio 14.0\AlexProjects\SCAD_Constructor\Release\link.write.1.tlog
D:\Microsoft Visual Studio 14.0\AlexProjects\SCAD_Constructor\Release\link-cvtres.read.1.tlog
D:\Microsoft Visual Studio 14.0\AlexProjects\SCAD_Constructor\Release\link-cvtres.write.1.tlog
D:\MICROSOFT VISUAL STUDIO 14.0\ALEXPROJECTS\SCAD_CONSTRUCTOR\RELEASE\MODEL.OBJ
D:\Microsoft Visual Studio 14.0\AlexProjects\SCAD_Constructor\Release\mt.command.1.tlog
D:\Microsoft Visual Studio 14.0\AlexProjects\SCAD_Constructor\Release\mt.read.1.tlog
D:\Microsoft Visual Studio 14.0\AlexProjects\SCAD_Constructor\Release\mt.write.1.tlog
D:\MICROSOFT VISUAL STUDIO 14.0\ALEXPROJECTS\SCAD_CONSTRUCTOR\RELEASE\NODE.OBJ
D:\Microsoft Visual Studio 14.0\AlexProjects\SCAD_Constructor\Release\rc.command.1.tlog
D:\Microsoft Visual Studio 14.0\AlexProjects\SCAD_Constructor\Release\rc.read.1.tlog
D:\Microsoft Visual Studio 14.0\AlexProjects\SCAD_Constructor\Release\rc.write.1.tlog
D:\MICROSOFT VISUAL STUDIO 14.0\ALEXPROJECTS\SCAD_CONSTRUCTOR\RELEASE\SCAD_CONSTRUCTOR.EXE
D:\MICROSOFT VISUAL STUDIO 14.0\ALEXPROJECTS\SCAD_CONSTRUCTOR\RELEASE\SCAD_CONSTRUCTOR.EXE.INTERMEDIATE.MANIFEST
D:\MICROSOFT VISUAL STUDIO 14.0\ALEXPROJECTS\SCAD_CONSTRUCTOR\RELEASE\SCAD_CONSTRUCTOR.OBJ
D:\MICROSOFT VISUAL STUDIO 14.0\ALEXPROJECTS\SCAD_CONSTRUCTOR\RELEASE\SCAD_CONSTRUCTOR.PCH
D:\MICROSOFT VISUAL STUDIO 14.0\ALEXPROJECTS\SCAD_CONSTRUCTOR\RELEASE\SCAD_CONSTRUCTOR.PDB
D:\MICROSOFT VISUAL STUDIO 14.0\ALEXPROJECTS\SCAD_CONSTRUCTOR\RELEASE\SCAD_CONSTRUCTOR.RES
D:\MICROSOFT VISUAL STUDIO 14.0\ALEXPROJECTS\SCAD_CONSTRUCTOR\RELEASE\STDAFX.OBJ
D:\MICROSOFT VISUAL STUDIO 14.0\ALEXPROJECTS\SCAD_CONSTRUCTOR\RELEASE\VC90.PDB
